<?xml version="1.0" encoding="UTF-8"?>
<!-- Generated by org.testng.reporters.JUnitReportReporter -->
<testsuite hostname="DESKTOP-V97DDQ3" failures="0" tests="1" name="FunctionTest.FT_Opportunities_02_Test" time="28.229" errors="0" timestamp="2023-08-22T11:42:26 IST" skipped="0">
  <testcase classname="FunctionTest.FT_Opportunities_02_Test" name="FT_Opportunities" time="28.229"/>
  <system-out/>
</testsuite> <!-- FunctionTest.FT_Opportunities_02_Test -->
