<?xml version="1.0" encoding="UTF-8"?>
<!-- Generated by org.testng.reporters.JUnitReportReporter -->
<testsuite hostname="DESKTOP-V97DDQ3" failures="0" tests="1" name="organisation.ST_ConactCreation_02_test" time="0.000" errors="0" timestamp="2023-08-21T11:02:36 IST" skipped="1">
  <testcase classname="organisation.ST_ConactCreation_02_test" name="Create_Quick_Contact" time="0.000">
    <skipped/>
  </testcase> <!-- Create_Quick_Contact -->
  <system-out/>
</testsuite> <!-- organisation.ST_ConactCreation_02_test -->
