<?xml version="1.0" encoding="UTF-8"?>
<!-- Generated by org.testng.reporters.JUnitReportReporter -->
<testsuite hostname="DESKTOP-V97DDQ3" failures="0" tests="3" name="practice.DemoData" time="0.067" errors="0" timestamp="2023-08-18T11:23:41 IST" skipped="0">
  <testcase classname="practice.DemoData" name="demo" time="0.023"/>
  <system-out/>
  <testcase classname="practice.DemoData" name="demo" time="0.010"/>
  <system-out/>
  <testcase classname="practice.DemoData" name="demo" time="0.034"/>
  <system-out/>
</testsuite> <!-- practice.DemoData -->
