<?xml version="1.0" encoding="UTF-8"?>
<!-- Generated by org.testng.reporters.JUnitReportReporter -->
<testsuite hostname="DESKTOP-V97DDQ3" failures="0" tests="1" name="practice.demoxml_Test" time="17.427" errors="0" timestamp="2023-08-22T12:33:05 IST" skipped="0">
  <testcase classname="practice.demoxml_Test" name="demoxml" time="17.427"/>
  <system-out/>
</testsuite> <!-- practice.demoxml_Test -->
