<?xml version="1.0" encoding="UTF-8"?>
<!-- Generated by org.testng.reporters.JUnitReportReporter -->
<testsuite hostname="DESKTOP-V97DDQ3" failures="0" tests="1" name="organisation.ST_CompoaseEmail_03" time="44.540" errors="0" timestamp="2023-08-18T11:51:21 IST" skipped="0">
  <testcase classname="organisation.ST_CompoaseEmail_03" name="Compoase_Email" time="44.540"/>
  <system-out/>
</testsuite> <!-- organisation.ST_CompoaseEmail_03 -->
