<?xml version="1.0" encoding="UTF-8"?>
<!-- Generated by org.testng.reporters.JUnitReportReporter -->
<testsuite hostname="DESKTOP-V97DDQ3" failures="0" tests="1" name="organisation.ST_Organization_01" time="32.642" errors="0" timestamp="2023-08-15T16:39:06 IST" skipped="0">
  <testcase classname="organisation.ST_Organization_01" name="Creating_an_Organization" time="32.642"/>
  <system-out/>
</testsuite> <!-- organisation.ST_Organization_01 -->
