<?xml version="1.0" encoding="UTF-8"?>
<!-- Generated by org.testng.reporters.JUnitReportReporter -->
<testsuite hostname="DESKTOP-V97DDQ3" failures="0" tests="1" name="listnerp.TC01" time="14.304" errors="0" timestamp="2023-08-12T12:15:49 IST" skipped="0">
  <testcase classname="listnerp.TC01" name="demo" time="14.304"/>
  <system-out/>
</testsuite> <!-- listnerp.TC01 -->
