<?xml version="1.0" encoding="UTF-8"?>
<!-- Generated by org.testng.reporters.JUnitReportReporter -->
<testsuite hostname="DESKTOP-V97DDQ3" failures="0" tests="3" name="organisation.ST_ConactCreation_02" time="113.540" errors="0" timestamp="2023-08-17T12:37:27 IST" skipped="0">
  <testcase classname="organisation.ST_ConactCreation_02" name="Create_Quick_Contact" time="37.283"/>
  <system-out/>
  <testcase classname="organisation.ST_ConactCreation_02" name="Create_Quick_Contact" time="37.809"/>
  <system-out/>
  <testcase classname="organisation.ST_ConactCreation_02" name="Create_Quick_Contact" time="38.448"/>
  <system-out/>
</testsuite> <!-- organisation.ST_ConactCreation_02 -->
