<?xml version="1.0" encoding="UTF-8"?>
<!-- Generated by org.testng.reporters.JUnitReportReporter -->
<testsuite hostname="DESKTOP-V97DDQ3" failures="0" tests="1" name="FunctionTest.FT_Organizations_01" time="21.845" errors="0" timestamp="2023-08-18T12:05:47 IST" skipped="0">
  <testcase classname="FunctionTest.FT_Organizations_01" name="FT_TestOrganization" time="21.845"/>
  <system-out/>
</testsuite> <!-- FunctionTest.FT_Organizations_01 -->
